2019-05-26 21:22:53,930 Training parameters: {'gpu_id': 0, 'nb_workers': 0, 'config': 'config.json', 'sz_batch': 32, 'sz_embedding': 64, 'dataset': 'cub', 'log_filename': 'example', 'nb_epochs': 70}
2019-05-26 21:22:53,930 Training for 70 epochs.
2019-05-26 21:22:53,931 **Evaluating initial model...**
2019-05-26 21:28:12,739 NMI: 46.645
2019-05-26 21:28:23,959 R@1 : 32.326
2019-05-26 21:28:24,319 R@2 : 44.480
2019-05-26 21:28:24,799 R@4 : 56.634
2019-05-26 21:28:25,508 R@8 : 69.716
2019-05-26 21:33:43,430 Epoch: 0, loss: 3.818, time (seconds): 317.92.
2019-05-26 21:33:43,431 **Evaluating...**
2019-05-26 21:38:50,810 NMI: 50.005
2019-05-26 21:39:01,731 R@1 : 36.512
2019-05-26 21:39:02,098 R@2 : 48.363
2019-05-26 21:39:02,563 R@4 : 61.884
2019-05-26 21:39:03,182 R@8 : 74.088
2019-05-26 21:44:12,801 Epoch: 1, loss: 2.366, time (seconds): 309.62.
2019-05-26 21:44:12,802 **Evaluating...**
2019-05-26 21:49:19,323 NMI: 55.116
2019-05-26 21:49:30,310 R@1 : 43.704
2019-05-26 21:49:30,666 R@2 : 56.313
2019-05-26 21:49:31,140 R@4 : 68.619
2019-05-26 21:49:31,716 R@8 : 79.119
2019-05-26 21:54:49,177 Epoch: 2, loss: 2.067, time (seconds): 317.46.
2019-05-26 21:54:49,178 **Evaluating...**
2019-05-26 22:00:00,819 NMI: 57.057
2019-05-26 22:00:11,781 R@1 : 47.789
2019-05-26 22:00:12,123 R@2 : 60.989
2019-05-26 22:00:12,546 R@4 : 72.839
2019-05-26 22:00:13,126 R@8 : 81.989
2019-05-26 22:05:31,431 Epoch: 3, loss: 1.831, time (seconds): 318.30.
2019-05-26 22:05:31,431 **Evaluating...**
2019-05-26 22:10:42,009 NMI: 57.738
2019-05-26 22:10:52,909 R@1 : 49.679
2019-05-26 22:10:53,270 R@2 : 61.293
2019-05-26 22:10:53,721 R@4 : 72.198
2019-05-26 22:10:54,260 R@8 : 81.685
2019-05-26 22:16:05,459 Epoch: 4, loss: 1.760, time (seconds): 311.20.
2019-05-26 22:16:05,460 **Evaluating...**
2019-05-26 22:21:17,332 NMI: 57.746
2019-05-26 22:21:28,243 R@1 : 48.396
2019-05-26 22:21:28,574 R@2 : 60.668
2019-05-26 22:21:28,982 R@4 : 72.569
2019-05-26 22:21:29,548 R@8 : 82.225
2019-05-26 22:26:47,291 Epoch: 5, loss: 1.726, time (seconds): 317.74.
2019-05-26 22:26:47,292 **Evaluating...**
2019-05-26 22:31:58,173 NMI: 59.052
2019-05-26 22:32:09,295 R@1 : 50.034
2019-05-26 22:32:09,652 R@2 : 62.627
2019-05-26 22:32:10,058 R@4 : 73.920
2019-05-26 22:32:10,578 R@8 : 83.423
2019-05-26 22:37:30,088 Epoch: 6, loss: 1.592, time (seconds): 319.51.
2019-05-26 22:37:30,088 **Evaluating...**
2019-05-26 22:42:47,752 NMI: 60.750
2019-05-26 22:42:58,871 R@1 : 51.215
2019-05-26 22:42:59,205 R@2 : 63.741
2019-05-26 22:42:59,646 R@4 : 74.916
2019-05-26 22:43:00,147 R@8 : 84.301
2019-05-26 22:48:25,239 Epoch: 7, loss: 1.599, time (seconds): 325.09.
2019-05-26 22:48:25,240 **Evaluating...**
2019-05-26 22:55:01,815 NMI: 58.448
2019-05-26 22:55:15,029 R@1 : 50.473
2019-05-26 22:55:15,485 R@2 : 62.914
2019-05-26 22:55:16,054 R@4 : 73.852
2019-05-26 22:55:16,767 R@8 : 83.626
2019-05-26 23:01:27,404 Epoch: 8, loss: 1.519, time (seconds): 370.64.
2019-05-26 23:01:27,405 **Evaluating...**
2019-05-26 23:06:35,810 NMI: 58.087
2019-05-26 23:06:47,815 R@1 : 50.338
2019-05-26 23:06:48,226 R@2 : 62.559
2019-05-26 23:06:48,715 R@4 : 73.666
2019-05-26 23:06:49,313 R@8 : 83.035
2019-05-26 23:12:54,165 Epoch: 9, loss: 1.494, time (seconds): 364.85.
2019-05-26 23:12:54,165 **Evaluating...**
2019-05-26 23:18:36,603 NMI: 58.011
2019-05-26 23:18:47,584 R@1 : 47.957
2019-05-26 23:18:47,971 R@2 : 60.314
2019-05-26 23:18:48,420 R@4 : 71.337
2019-05-26 23:18:48,942 R@8 : 80.925
2019-05-26 23:24:01,643 Epoch: 10, loss: 1.392, time (seconds): 312.70.
2019-05-26 23:24:01,643 **Evaluating...**
2019-05-26 23:29:08,327 NMI: 60.513
2019-05-26 23:29:19,341 R@1 : 51.907
2019-05-26 23:29:19,671 R@2 : 64.112
2019-05-26 23:29:20,111 R@4 : 74.899
2019-05-26 23:29:20,599 R@8 : 83.964
2019-05-26 23:34:46,103 Epoch: 11, loss: 1.334, time (seconds): 325.50.
2019-05-26 23:34:46,104 **Evaluating...**
2019-05-26 23:40:30,164 NMI: 58.624
2019-05-26 23:40:43,571 R@1 : 50.523
2019-05-26 23:40:44,056 R@2 : 62.779
2019-05-26 23:40:44,619 R@4 : 74.021
2019-05-26 23:40:45,356 R@8 : 83.069
2019-05-26 23:47:39,764 Epoch: 12, loss: 1.391, time (seconds): 414.41.
2019-05-26 23:47:39,764 **Evaluating...**
2019-05-26 23:53:23,431 NMI: 59.207
2019-05-26 23:53:34,562 R@1 : 50.726
2019-05-26 23:53:34,951 R@2 : 62.745
2019-05-26 23:53:35,361 R@4 : 74.088
2019-05-26 23:53:35,899 R@8 : 83.423
2019-05-26 23:59:11,039 Epoch: 13, loss: 1.387, time (seconds): 335.14.
2019-05-26 23:59:11,039 **Evaluating...**
2019-05-27 00:04:51,318 NMI: 60.017
2019-05-27 00:05:02,802 R@1 : 51.401
2019-05-27 00:05:03,279 R@2 : 63.673
2019-05-27 00:05:03,834 R@4 : 74.848
2019-05-27 00:05:04,445 R@8 : 83.947
2019-05-27 00:10:45,985 Epoch: 14, loss: 1.258, time (seconds): 341.54.
2019-05-27 00:10:45,985 **Evaluating...**
2019-05-27 00:16:11,035 NMI: 61.287
2019-05-27 00:16:22,253 R@1 : 51.469
2019-05-27 00:16:22,598 R@2 : 63.791
2019-05-27 00:16:23,061 R@4 : 75.000
2019-05-27 00:16:23,585 R@8 : 84.487
2019-05-27 00:21:54,617 Epoch: 15, loss: 1.282, time (seconds): 331.03.
2019-05-27 00:21:54,617 **Evaluating...**
2019-05-27 00:27:17,061 NMI: 59.999
2019-05-27 00:27:28,172 R@1 : 51.249
2019-05-27 00:27:28,554 R@2 : 63.234
2019-05-27 00:27:28,976 R@4 : 74.105
2019-05-27 00:27:29,541 R@8 : 83.035
2019-05-27 00:32:44,810 Epoch: 16, loss: 1.276, time (seconds): 315.27.
2019-05-27 00:32:44,810 **Evaluating...**
2019-05-27 00:37:55,377 NMI: 60.020
2019-05-27 00:38:06,439 R@1 : 51.013
2019-05-27 00:38:06,771 R@2 : 63.403
2019-05-27 00:38:07,173 R@4 : 74.966
2019-05-27 00:38:07,708 R@8 : 83.086
2019-05-27 00:43:22,708 Epoch: 17, loss: 1.251, time (seconds): 315.00.
2019-05-27 00:43:22,708 **Evaluating...**
2019-05-27 00:48:35,384 NMI: 60.601
2019-05-27 00:48:46,656 R@1 : 52.245
2019-05-27 00:48:46,977 R@2 : 64.669
2019-05-27 00:48:47,402 R@4 : 75.439
2019-05-27 00:48:47,925 R@8 : 83.828
2019-05-27 00:54:24,028 Epoch: 18, loss: 1.274, time (seconds): 336.10.
2019-05-27 00:54:24,028 **Evaluating...**
2019-05-27 00:59:49,824 NMI: 58.948
2019-05-27 01:00:01,172 R@1 : 51.570
2019-05-27 01:00:01,541 R@2 : 63.099
2019-05-27 01:00:01,958 R@4 : 74.527
2019-05-27 01:00:02,490 R@8 : 83.609
2019-05-27 01:05:28,732 Epoch: 19, loss: 1.233, time (seconds): 326.24.
2019-05-27 01:05:28,733 **Evaluating...**
2019-05-27 01:10:44,135 NMI: 59.785
2019-05-27 01:10:55,210 R@1 : 51.435
2019-05-27 01:10:55,585 R@2 : 63.808
2019-05-27 01:10:55,991 R@4 : 74.730
2019-05-27 01:10:56,484 R@8 : 83.795
2019-05-27 01:16:08,472 Epoch: 20, loss: 1.247, time (seconds): 311.99.
2019-05-27 01:16:08,473 **Evaluating...**
2019-05-27 01:21:15,596 NMI: 59.290
2019-05-27 01:21:26,393 R@1 : 51.992
2019-05-27 01:21:26,753 R@2 : 63.690
2019-05-27 01:21:27,187 R@4 : 74.696
2019-05-27 01:21:27,709 R@8 : 83.018
2019-05-27 01:26:40,011 Epoch: 21, loss: 1.200, time (seconds): 312.30.
2019-05-27 01:26:40,012 **Evaluating...**
2019-05-27 01:31:49,602 NMI: 59.411
2019-05-27 01:32:00,986 R@1 : 50.473
2019-05-27 01:32:01,354 R@2 : 62.677
2019-05-27 01:32:01,797 R@4 : 74.308
2019-05-27 01:32:02,289 R@8 : 83.221
2019-05-27 01:37:23,555 Epoch: 22, loss: 1.192, time (seconds): 321.26.
2019-05-27 01:37:23,555 **Evaluating...**
2019-05-27 01:42:32,830 NMI: 59.969
2019-05-27 01:42:43,707 R@1 : 52.330
2019-05-27 01:42:44,032 R@2 : 64.669
2019-05-27 01:42:44,424 R@4 : 75.118
2019-05-27 01:42:44,890 R@8 : 83.947
2019-05-27 01:47:56,351 Epoch: 23, loss: 1.196, time (seconds): 311.46.
2019-05-27 01:47:56,352 **Evaluating...**
2019-05-27 01:53:05,030 NMI: 60.012
2019-05-27 01:53:16,023 R@1 : 51.722
2019-05-27 01:53:16,355 R@2 : 63.606
2019-05-27 01:53:16,792 R@4 : 75.186
2019-05-27 01:53:17,350 R@8 : 83.423
2019-05-27 01:58:31,044 Epoch: 24, loss: 1.157, time (seconds): 313.69.
2019-05-27 01:58:31,045 **Evaluating...**
2019-05-27 02:03:41,446 NMI: 59.775
2019-05-27 02:03:52,466 R@1 : 50.236
2019-05-27 02:03:52,798 R@2 : 63.437
2019-05-27 02:03:53,215 R@4 : 74.460
2019-05-27 02:03:53,739 R@8 : 82.681
2019-05-27 02:09:06,169 Epoch: 25, loss: 1.232, time (seconds): 312.43.
2019-05-27 02:09:06,169 **Evaluating...**
2019-05-27 02:14:27,394 NMI: 58.922
2019-05-27 02:14:38,552 R@1 : 51.013
2019-05-27 02:14:38,888 R@2 : 62.660
2019-05-27 02:14:39,306 R@4 : 73.666
2019-05-27 02:14:39,842 R@8 : 82.968
2019-05-27 02:20:38,294 Epoch: 26, loss: 1.171, time (seconds): 358.45.
2019-05-27 02:20:38,294 **Evaluating...**
2019-05-27 02:26:43,572 NMI: 59.684
2019-05-27 02:26:54,814 R@1 : 51.232
2019-05-27 02:26:55,191 R@2 : 63.201
2019-05-27 02:26:55,625 R@4 : 74.578
2019-05-27 02:26:56,138 R@8 : 83.406
2019-05-27 02:33:07,621 Epoch: 27, loss: 1.191, time (seconds): 371.48.
2019-05-27 02:33:07,636 **Evaluating...**
2019-05-27 02:39:55,360 NMI: 60.090
2019-05-27 02:40:06,688 R@1 : 51.266
2019-05-27 02:40:07,024 R@2 : 62.863
2019-05-27 02:40:07,410 R@4 : 73.903
2019-05-27 02:40:07,932 R@8 : 83.322
2019-05-27 15:58:29,724 Training parameters: {'nb_workers': 0, 'nb_epochs': 70, 'log_filename': 'example', 'sz_embedding': 64, 'sz_batch': 32, 'dataset': 'cub', 'config': 'config.json', 'gpu_id': 0}
2019-05-27 15:58:29,725 Training for 70 epochs.
2019-05-27 15:58:29,726 **Evaluating initial model...**
2019-05-27 16:45:35,034 Training parameters: {'config': 'config.json', 'nb_epochs': 70, 'dataset': 'cars', 'gpu_id': 0, 'nb_workers': 0, 'sz_batch': 32, 'log_filename': 'example', 'sz_embedding': 64}
2019-05-27 16:45:35,034 Training for 70 epochs.
2019-05-27 16:45:35,034 **Evaluating initial model...**
2019-05-27 16:58:35,971 NMI: 32.847
2019-05-27 16:58:56,988 R@1 : 28.397
2019-05-27 16:58:57,493 R@2 : 39.294
2019-05-27 16:58:58,137 R@4 : 51.703
2019-05-27 16:58:59,120 R@8 : 64.445
2019-05-27 18:15:59,612 Training parameters: {'sz_embedding': 64, 'config': 'config.json', 'sz_batch': 32, 'nb_workers': 0, 'nb_epochs': 70, 'gpu_id': 0, 'dataset': 'cars', 'log_filename': 'example'}
2019-05-27 18:15:59,612 Training for 70 epochs.
2019-05-27 18:15:59,613 **Evaluating initial model...**
2019-05-27 18:28:51,888 NMI: 32.847
2019-05-27 18:29:13,296 R@1 : 28.397
2019-05-27 18:29:13,803 R@2 : 39.294
2019-05-27 18:29:14,487 R@4 : 51.703
2019-05-27 18:29:15,474 R@8 : 64.445
2019-05-27 18:41:43,469 Epoch: 0, loss: 4.284, time (seconds): 747.99.
2019-05-27 18:41:43,470 **Evaluating...**
2019-05-27 20:52:14,548 Training parameters: {'nb_workers': 0, 'dataset': 'cub', 'gpu_id': 0, 'nb_epochs': 70, 'sz_batch': 32, 'sz_embedding': 64, 'config': 'config.json', 'log_filename': 'example'}
2019-05-27 20:52:14,548 Training for 70 epochs.
2019-05-27 20:52:14,549 **Evaluating initial model...**
2019-05-27 20:57:21,771 NMI: 46.645
2019-05-27 20:57:32,744 R@1 : 32.326
2019-05-27 20:57:33,107 R@2 : 44.480
2019-05-27 20:57:33,569 R@4 : 56.634
2019-05-27 20:57:34,204 R@8 : 69.716
2019-05-27 21:02:52,692 Epoch: 0, loss: 3.816, time (seconds): 318.49.
2019-05-27 21:02:52,693 **Evaluating...**
2019-05-27 21:08:14,943 NMI: 49.996
2019-05-27 21:08:25,967 R@1 : 36.394
2019-05-27 21:08:26,333 R@2 : 48.261
2019-05-27 21:08:26,815 R@4 : 61.512
2019-05-27 21:08:27,430 R@8 : 73.903
2019-05-27 21:14:01,134 Epoch: 1, loss: 2.371, time (seconds): 333.70.
2019-05-27 21:14:01,134 **Evaluating...**
2019-05-27 21:19:18,430 NMI: 55.368
2019-05-27 21:19:29,354 R@1 : 43.653
2019-05-27 21:19:29,728 R@2 : 55.486
2019-05-27 21:19:30,221 R@4 : 67.336
2019-05-27 21:19:30,825 R@8 : 77.870
2019-05-27 21:24:52,492 Epoch: 2, loss: 2.082, time (seconds): 321.67.
2019-05-27 21:24:52,493 **Evaluating...**
